2022-08-20 21:18:46 INFO  Loggable:17 - getByEmail() method started in class registration.repository.UserRepository
2022-08-20 21:18:46 INFO  Loggable:17 - getConnection() method started in class registration.repository.UserRepository
2022-08-20 21:18:47 INFO  UserRepository:40 - Successful connection: connection = org.postgresql.jdbc.PgConnection@19a4686
2022-08-20 21:18:47 INFO  Loggable:27 - getByEmail() method is trying to send SQL request: select * from users where email=?
2022-08-20 21:18:47 INFO  Loggable:17 - save() method started in class registration.repository.UserRepository
2022-08-20 21:18:47 INFO  Loggable:27 - save() method is trying to send SQL request: insert into users(name, surname, email, country, password) values (?,?,?,?,?)
2022-08-20 21:18:47 INFO  Loggable:17 - getConnection() method started in class registration.repository.UserRepository
2022-08-20 21:18:47 INFO  UserRepository:40 - Successful connection: connection = org.postgresql.jdbc.PgConnection@6c9d73e8
2022-08-20 21:18:47 INFO  Loggable:32 - Connection status: 0
2022-08-20 22:50:57 INFO  Loggable:17 - getByEmail() method started in class registration.repository.UserRepository
2022-08-20 22:50:57 INFO  Loggable:17 - getConnection() method started in class registration.repository.UserRepository
2022-08-20 22:50:58 INFO  UserRepository:42 - Successful connection: connection = org.postgresql.jdbc.PgConnection@7a556502
2022-08-20 22:50:58 INFO  Loggable:27 - getByEmail() method is trying to send SQL request: select * from users where email=?
2022-08-20 22:50:58 INFO  RegisterUserServlet:83 - Try to validate registration form in servlet registration.RegisterUserServlet
2022-08-20 22:50:58 INFO  Loggable:17 - save() method started in class registration.repository.UserRepository
2022-08-20 22:50:58 INFO  Loggable:27 - save() method is trying to send SQL request: insert into users(name, surname, email, country, password) values (?,?,?,?,?)
2022-08-20 22:50:58 INFO  Loggable:17 - getConnection() method started in class registration.repository.UserRepository
2022-08-20 22:50:59 INFO  UserRepository:42 - Successful connection: connection = org.postgresql.jdbc.PgConnection@1accdd94
2022-08-20 22:50:59 INFO  Loggable:32 - Connection status: 0
2022-08-20 22:50:59 INFO  RegisterUserServlet:91 - User Ukraine is registered successfully in servlet registration.RegisterUserServlet
